
=== Fri Sep 13 19:59:52 2024

Packages were changed.
Update Mode: mergeDefaultDependencies

The following packages were 추가됨:
  com.unity.modules.ai@1.0.0
  com.unity.modules.androidjni@1.0.0
  com.unity.modules.animation@1.0.0
  com.unity.modules.assetbundle@1.0.0
  com.unity.modules.audio@1.0.0
  com.unity.modules.cloth@1.0.0
  com.unity.modules.director@1.0.0
  com.unity.modules.imageconversion@1.0.0
  com.unity.modules.imgui@1.0.0
  com.unity.modules.jsonserialize@1.0.0
  com.unity.modules.particlesystem@1.0.0
  com.unity.modules.physics@1.0.0
  com.unity.modules.physics2d@1.0.0
  com.unity.modules.screencapture@1.0.0
  com.unity.modules.terrain@1.0.0
  com.unity.modules.terrainphysics@1.0.0
  com.unity.modules.tilemap@1.0.0
  com.unity.modules.ui@1.0.0
  com.unity.modules.uielements@1.0.0
  com.unity.modules.umbra@1.0.0
  com.unity.modules.unityanalytics@1.0.0
  com.unity.modules.unitywebrequest@1.0.0
  com.unity.modules.unitywebrequestassetbundle@1.0.0
  com.unity.modules.unitywebrequestaudio@1.0.0
  com.unity.modules.unitywebrequesttexture@1.0.0
  com.unity.modules.unitywebrequestwww@1.0.0
  com.unity.modules.vehicles@1.0.0
  com.unity.modules.video@1.0.0
  com.unity.modules.vr@1.0.0
  com.unity.modules.wind@1.0.0
  com.unity.modules.xr@1.0.0
  com.unity.modules.accessibility@1.0.0
The following packages were 업데이트됨:
  com.unity.collab-proxy 1.13.5 버전에서 2.2.0버전으로  com.unity.feature.development 1.0.1 버전에서 1.0.2버전으로  com.unity.timeline 1.6.2 버전에서 1.8.6버전으로  com.unity.visualscripting 1.7.6 버전에서 1.8.0버전으로
=== Fri Sep 13 20:24:40 2024

Packages were changed.
Update Mode: updateDependencies

The following packages were 업데이트됨:
  com.unity.burst 1.8.4 버전에서 1.8.12버전으로  com.unity.ext.nunit 1.0.6 버전에서 2.0.5버전으로  com.unity.inputsystem 1.5.1 버전에서 1.7.0버전으로  com.unity.render-pipelines.core 14.0.7 버전에서 16.0.5버전으로  com.unity.render-pipelines.universal 14.0.7 버전에서 16.0.5버전으로  com.unity.shadergraph 14.0.7 버전에서 16.0.5버전으로  com.unity.test-framework 1.1.33 버전에서 1.3.9버전으로  com.unity.ugui 1.0.0 버전에서 2.0.0버전으로
=== Fri Sep 13 20:24:41 2024

Packages were changed.
Update Mode: mergeDefaultDependencies

The following packages were 추가됨:
  com.unity.burst@1.8.12
  com.unity.cinemachine@2.9.7
  com.unity.ext.nunit@2.0.5
  com.unity.inputsystem@1.7.0
  com.unity.mathematics@1.2.6
  com.unity.render-pipelines.core@16.0.5
  com.unity.render-pipelines.universal@16.0.5
  com.unity.searcher@4.9.2
  com.unity.shadergraph@16.0.5
  com.unity.test-framework@1.3.9
  com.unity.modules.subsystems@1.0.0

=== Fri Sep 13 20:26:21 2024

Packages were changed.
Update Mode: updateDependencies

The following packages were 업데이트됨:
  com.unity.burst 1.8.4 버전에서 1.8.12버전으로  com.unity.ext.nunit 1.0.6 버전에서 2.0.5버전으로  com.unity.inputsystem 1.5.1 버전에서 1.7.0버전으로  com.unity.render-pipelines.core 14.0.7 버전에서 16.0.5버전으로  com.unity.render-pipelines.universal 14.0.7 버전에서 16.0.5버전으로  com.unity.shadergraph 14.0.7 버전에서 16.0.5버전으로  com.unity.test-framework 1.1.33 버전에서 1.3.9버전으로  com.unity.ugui 1.0.0 버전에서 2.0.0버전으로
=== Fri Sep 13 20:27:23 2024

Packages were changed.
Update Mode: updateDependencies

The following packages were 업데이트됨:
  com.unity.burst 1.8.4 버전에서 1.8.12버전으로  com.unity.ext.nunit 1.0.6 버전에서 2.0.5버전으로  com.unity.inputsystem 1.5.1 버전에서 1.7.0버전으로  com.unity.render-pipelines.core 14.0.7 버전에서 16.0.5버전으로  com.unity.render-pipelines.universal 14.0.7 버전에서 16.0.5버전으로  com.unity.shadergraph 14.0.7 버전에서 16.0.5버전으로  com.unity.test-framework 1.1.33 버전에서 1.3.9버전으로  com.unity.ugui 1.0.0 버전에서 2.0.0버전으로